Mon Jun 27 16:31:36 EDT 2016 : Apache Derby Network Server - 10.11.1.2 - (1629631) started and ready to accept connections on port 1527
----------------------------------------------------------------
Mon Jun 27 16:33:03 EDT 2016:
Booting Derby version The Apache Software Foundation - Apache Derby - 10.11.1.2 - (1629631): instance a816c00e-0155-938f-67bd-ffff9094bdd7 
on database directory D:\myWork\java-projects\821\tp1-meng-1695201\db\tp1 with class loader sun.misc.Launcher$AppClassLoader@5e2de80c 
Loaded from file:/C:/Program%20Files/Java/jdk1.8.0_71/db/lib/derby.jar
java.vendor=Oracle Corporation
java.runtime.version=1.8.0_71-b15
user.dir=C:\Program Files\Java\jdk1.8.0_71\db
os.name=Windows 7
os.arch=amd64
os.version=6.1
derby.system.home=D:\myWork\java-projects\821\tp1-meng-1695201\db
Database Class Loader started - derby.database.classpath=''
----------------------------------------------------------------
Mon Jun 27 16:33:04 EDT 2016:
Shutting down instance a816c00e-0155-938f-67bd-ffff9094bdd7 on database directory D:\myWork\java-projects\821\tp1-meng-1695201\db\tp1 with class loader sun.misc.Launcher$AppClassLoader@5e2de80c 
Mon Jun 27 16:33:04 EDT 2016 Thread[DRDAConnThread_3,5,main] (DATABASE = tp1), (DRDAID = {2}), Database 'tp1' shutdown.
----------------------------------------------------------------
Mon Jun 27 16:35:10 EDT 2016:
Booting Derby version The Apache Software Foundation - Apache Derby - 10.11.1.2 - (1629631): instance a65c80ac-0155-938f-67bd-ffff9094bdd7 
on database directory D:\myWork\java-projects\821\tp1-meng-1695201\db\tp1 with class loader sun.misc.Launcher$AppClassLoader@5e2de80c 
Loaded from file:/C:/Program%20Files/Java/jdk1.8.0_71/db/lib/derby.jar
java.vendor=Oracle Corporation
java.runtime.version=1.8.0_71-b15
user.dir=C:\Program Files\Java\jdk1.8.0_71\db
os.name=Windows 7
os.arch=amd64
os.version=6.1
derby.system.home=D:\myWork\java-projects\821\tp1-meng-1695201\db
Database Class Loader started - derby.database.classpath=''
